<?xml version="1.0" encoding="UTF-8"?>
<testng-results ignored="0" total="3" passed="3" failed="0" skipped="0">
  <reporter-output>
  </reporter-output>
  <suite started-at="2023-07-14T16:02:48 CLT" name="Sample Test Suite" finished-at="2023-07-14T16:03:56 CLT" duration-ms="68261">
    <groups>
    </groups>
    <test started-at="2023-07-14T16:02:48 CLT" name="Test Automation" finished-at="2023-07-14T16:03:56 CLT" duration-ms="68261">
      <class name="test.java.carritocompras.CC_Test">
        <test-method is-config="true" signature="beforeTestMethod()[pri:0, instance:test.java.carritocompras.CC_Test@7193666c]" started-at="2023-07-14T16:02:48 CLT" name="beforeTestMethod" finished-at="2023-07-14T16:02:48 CLT" duration-ms="108" status="PASS">
          <reporter-output>
          </reporter-output>
        </test-method> <!-- beforeTestMethod -->
        <test-method is-config="true" signature="beforeMethodMethod(java.lang.String,java.lang.reflect.Method)[pri:0, instance:test.java.carritocompras.CC_Test@7193666c]" started-at="2023-07-14T16:02:48 CLT" name="beforeMethodMethod" finished-at="2023-07-14T16:02:53 CLT" duration-ms="4409" status="PASS">
          <params>
            <param index="0">
              <value>
                <![CDATA[chrome]]>
              </value>
            </param>
            <param index="1">
              <value>
                <![CDATA[public void test.java.carritocompras.CC_Test.CC_QA_Automatizacion(java.lang.String[]) throws java.lang.InterruptedException]]>
              </value>
            </param>
          </params>
          <reporter-output>
          </reporter-output>
        </test-method> <!-- beforeMethodMethod -->
        <test-method signature="CC_QA_Automatizacion([Ljava.lang.String;)[pri:0, instance:test.java.carritocompras.CC_Test@7193666c]" started-at="2023-07-14T16:02:53 CLT" name="CC_QA_Automatizacion" data-provider="Data" finished-at="2023-07-14T16:03:12 CLT" duration-ms="19617" status="PASS">
          <params>
            <param index="0">
              <value>
                <![CDATA[[Ljava.lang.String;@23e44287]]>
              </value>
            </param>
          </params>
          <reporter-output>
          </reporter-output>
        </test-method> <!-- CC_QA_Automatizacion -->
        <test-method is-config="true" signature="afterMethodMethod(org.testng.ITestResult)[pri:0, instance:test.java.carritocompras.CC_Test@7193666c]" started-at="2023-07-14T16:03:12 CLT" name="afterMethodMethod" finished-at="2023-07-14T16:03:12 CLT" duration-ms="3" status="PASS">
          <params>
            <param index="0">
              <value>
                <![CDATA[[TestResult name=CC_QA_Automatizacion status=SUCCESS method=CC_Test.CC_QA_Automatizacion([Ljava.lang.String;)[pri:0, instance:test.java.carritocompras.CC_Test@7193666c] output={null}]]]>
              </value>
            </param>
          </params>
          <reporter-output>
          </reporter-output>
        </test-method> <!-- afterMethodMethod -->
        <test-method is-config="true" signature="beforeMethodMethod(java.lang.String,java.lang.reflect.Method)[pri:0, instance:test.java.carritocompras.CC_Test@7193666c]" started-at="2023-07-14T16:03:12 CLT" name="beforeMethodMethod" finished-at="2023-07-14T16:03:14 CLT" duration-ms="1164" status="PASS">
          <params>
            <param index="0">
              <value>
                <![CDATA[chrome]]>
              </value>
            </param>
            <param index="1">
              <value>
                <![CDATA[public void test.java.carritocompras.CC_Test.CC_QA_Automatizacion(java.lang.String[]) throws java.lang.InterruptedException]]>
              </value>
            </param>
          </params>
          <reporter-output>
          </reporter-output>
        </test-method> <!-- beforeMethodMethod -->
        <test-method signature="CC_QA_Automatizacion([Ljava.lang.String;)[pri:0, instance:test.java.carritocompras.CC_Test@7193666c]" started-at="2023-07-14T16:03:14 CLT" name="CC_QA_Automatizacion" data-provider="Data" finished-at="2023-07-14T16:03:35 CLT" duration-ms="21587" status="PASS">
          <params>
            <param index="0">
              <value>
                <![CDATA[[Ljava.lang.String;@2b8d084]]>
              </value>
            </param>
          </params>
          <reporter-output>
          </reporter-output>
        </test-method> <!-- CC_QA_Automatizacion -->
        <test-method is-config="true" signature="afterMethodMethod(org.testng.ITestResult)[pri:0, instance:test.java.carritocompras.CC_Test@7193666c]" started-at="2023-07-14T16:03:35 CLT" name="afterMethodMethod" finished-at="2023-07-14T16:03:35 CLT" duration-ms="1" status="PASS">
          <params>
            <param index="0">
              <value>
                <![CDATA[[TestResult name=CC_QA_Automatizacion status=SUCCESS method=CC_Test.CC_QA_Automatizacion([Ljava.lang.String;)[pri:0, instance:test.java.carritocompras.CC_Test@7193666c] output={null}]]]>
              </value>
            </param>
          </params>
          <reporter-output>
          </reporter-output>
        </test-method> <!-- afterMethodMethod -->
        <test-method is-config="true" signature="beforeMethodMethod(java.lang.String,java.lang.reflect.Method)[pri:0, instance:test.java.carritocompras.CC_Test@7193666c]" started-at="2023-07-14T16:03:35 CLT" name="beforeMethodMethod" finished-at="2023-07-14T16:03:36 CLT" duration-ms="1180" status="PASS">
          <params>
            <param index="0">
              <value>
                <![CDATA[chrome]]>
              </value>
            </param>
            <param index="1">
              <value>
                <![CDATA[public void test.java.carritocompras.CC_Test.CC_QA_Automatizacion(java.lang.String[]) throws java.lang.InterruptedException]]>
              </value>
            </param>
          </params>
          <reporter-output>
          </reporter-output>
        </test-method> <!-- beforeMethodMethod -->
        <test-method signature="CC_QA_Automatizacion([Ljava.lang.String;)[pri:0, instance:test.java.carritocompras.CC_Test@7193666c]" started-at="2023-07-14T16:03:36 CLT" name="CC_QA_Automatizacion" data-provider="Data" finished-at="2023-07-14T16:03:56 CLT" duration-ms="19541" status="PASS">
          <params>
            <param index="0">
              <value>
                <![CDATA[[Ljava.lang.String;@6daf2337]]>
              </value>
            </param>
          </params>
          <reporter-output>
          </reporter-output>
        </test-method> <!-- CC_QA_Automatizacion -->
        <test-method is-config="true" signature="afterMethodMethod(org.testng.ITestResult)[pri:0, instance:test.java.carritocompras.CC_Test@7193666c]" started-at="2023-07-14T16:03:56 CLT" name="afterMethodMethod" finished-at="2023-07-14T16:03:56 CLT" duration-ms="1" status="PASS">
          <params>
            <param index="0">
              <value>
                <![CDATA[[TestResult name=CC_QA_Automatizacion status=SUCCESS method=CC_Test.CC_QA_Automatizacion([Ljava.lang.String;)[pri:0, instance:test.java.carritocompras.CC_Test@7193666c] output={null}]]]>
              </value>
            </param>
          </params>
          <reporter-output>
          </reporter-output>
        </test-method> <!-- afterMethodMethod -->
        <test-method is-config="true" signature="afterTestMethod()[pri:0, instance:test.java.carritocompras.CC_Test@7193666c]" started-at="2023-07-14T16:03:56 CLT" name="afterTestMethod" finished-at="2023-07-14T16:03:56 CLT" duration-ms="161" status="PASS">
          <reporter-output>
          </reporter-output>
        </test-method> <!-- afterTestMethod -->
      </class> <!-- test.java.carritocompras.CC_Test -->
    </test> <!-- Test Automation -->
  </suite> <!-- Sample Test Suite -->
</testng-results>
