<?xml version="1.0" encoding="UTF-8"?>
<!-- Generated by org.testng.reporters.JUnitXMLReporter -->
<testsuite ignored="0" hostname="LAPTOP-604E8F04" failures="0" tests="3" name="Test Automation" time="68.261" errors="0" timestamp="2023-07-14T16:03:56 CLT">
  <testcase classname="test.java.carritocompras.CC_Test" name="CC_QA_Automatizacion" time="19.617"/>
  <testcase classname="test.java.carritocompras.CC_Test" name="CC_QA_Automatizacion" time="21.587"/>
  <testcase classname="test.java.carritocompras.CC_Test" name="CC_QA_Automatizacion" time="19.541"/>
</testsuite> <!-- Test Automation -->
